<?xml version="1.0" encoding="UTF-8"?>
<!-- Generated by org.testng.reporters.JUnitReportReporter -->
<testsuite hostname="BharathiLaptop" failures="0" tests="1" name="testCases.TC001_AccountRegistrationTest" time="2.786" errors="0" timestamp="2025-06-14T11:05:38 CDT" skipped="0">
  <testcase classname="testCases.TC001_AccountRegistrationTest" name="certify_account_registration" time="2.786"/>
</testsuite> <!-- testCases.TC001_AccountRegistrationTest -->
