<?xml version="1.0" encoding="UTF-8"?>
<!-- Generated by org.testng.reporters.JUnitReportReporter -->
<testsuite hostname="BharathiLaptop" failures="0" tests="1" name="testCases.TC001_AccountRegistrationTest" time="3.127" errors="0" timestamp="2025-06-14T11:07:44 CDT" skipped="0">
  <testcase classname="testCases.TC001_AccountRegistrationTest" name="certify_account_registration" time="3.127"/>
</testsuite> <!-- testCases.TC001_AccountRegistrationTest -->
