<?xml version="1.0" encoding="UTF-8"?>
<!-- Generated by org.testng.reporters.JUnitReportReporter -->
<testsuite hostname="BharathiLaptop" failures="0" tests="1" name="testCases.TC002_LoginTest" time="1.683" errors="0" timestamp="2025-06-14T11:07:44 CDT" skipped="0">
  <testcase classname="testCases.TC002_LoginTest" name="verify_login" time="1.683"/>
</testsuite> <!-- testCases.TC002_LoginTest -->
